Using features: ['adjacent_coda_type', 'adjacent_syllable_type', 'antepenultimate', 'coda', 'coda_type', 'diphthong', 'postinitial', 'que', 'rhyme', 'syllable_type', 'vocab', 'vowel']
Reading data from path: ./data/Latin_words_preprocessed.txt
Total number of words (train+test): 95180
Full vocabulary size: 1362
Extracted 1660 features for 1362 syllables in vocabulary
Classifier type: RandomForestClassifier
Hyperparameters: min_samples_split=100, max_features=5, n_estimators=75
K-fold cross-validation with 5 folds, evaluate on 2 of them
              precision    recall  f1-score   support

       short       0.92      0.96      0.94     32432
        long       0.90      0.81      0.86     14629

    accuracy                           0.91     47061
   macro avg       0.91      0.89      0.90     47061
weighted avg       0.91      0.91      0.91     47061

              precision    recall  f1-score   support

       short       0.92      0.96      0.94     32318
        long       0.90      0.81      0.85     14743

    accuracy                           0.91     47061
   macro avg       0.91      0.88      0.90     47061
weighted avg       0.91      0.91      0.91     47061

Feature importances for most recent train/test split
Feature ranking:
1. feature ULT (100.000)
2. feature PENULT (72.927)
3. feature INIT (58.227)
4. feature CODA=s (55.177)
5. feature POST_TYPE=CV (51.584)
6. feature CODA_TYPE=C (47.915)
7. feature NO_POST_CODA (46.986)
8. feature NO_CODA (46.751)
9. feature VOWEL=o (43.426)
10. feature RHYME=o (42.432)
11. feature DIPHTHONG (41.812)
12. feature VOWEL=i (38.015)
13. feature VOWEL=e (37.949)
14. feature NO_PRE_CODA (37.384)
15. feature POST_TYPE=CVC (36.865)
16. feature TYPE=CVC (36.667)
17. feature POSTINIT (36.064)
18. feature ANTEPENULT (35.473)
19. feature POST_CODA_TYPE=C (33.387)
20. feature VOWEL=ae (33.250)
21. feature POST_TYPE=V (32.979)
22. feature CODA=m (32.556)
23. feature PRE_TYPE=CV (30.929)
24. feature RHYME=i (30.167)
25. feature TYPE=CV (28.773)
26. feature VOWEL=u (28.023)
27. feature RHYME=e (27.459)
28. feature POST_TYPE=VC (26.602)
29. feature VOWEL=a (25.802)
30. feature RHYME=a (23.567)
31. feature RHYME=is (23.301)
32. feature TYPE=V (22.091)
33. feature RHYME=es (21.774)
34. feature TYPE=CVV (20.105)
35. feature TYPE=VC (19.661)
36. feature PRE_CODA_TYPE=C (18.910)
37. feature de (18.551)
38. feature TYPE=CLV (17.455)
39. feature RHYME=ae (17.304)
40. feature CODA=t (17.056)
41. feature RHYME=as (14.340)
42. feature que (14.300)
43. feature RHYME=us (14.164)
44. feature na (13.657)
45. feature PRE_TYPE=CVC (13.553)
46. feature re (13.496)
47. feature non (13.136)
48. feature RHYME=um (12.861)
49. feature CODA=ns (12.729)
50. feature o (12.391)
51. feature CODA=r (12.154)
52. feature RHYME=os (10.744)
53. feature CODA=n (10.502)
54. feature to (10.157)
55. feature VOWEL=au (9.317)
56. feature PRE_TYPE=VC (9.204)
57. feature PRE_TYPE=V (9.171)
58. feature TYPE=VV (9.125)
59. feature se (9.115)
60. feature POST_TYPE=CLV (9.112)
61. feature pe (9.079)
62. feature TYPE=CLVV (8.729)
63. feature ti (8.624)
64. feature RHYME=it (8.507)
65. feature tu (8.227)
66. feature ta (8.169)
67. feature RHYME=u (7.969)
68. feature bi (7.863)
69. feature ro (7.809)
70. feature RHYME=on (7.502)
71. feature CODA_TYPE=C* (6.633)
72. feature RHYME=am (6.514)
73. feature i (6.417)
74. feature si (6.320)
75. feature RHYME=au (6.265)
