Reading data from path: ./data/Latin_words_preprocessed_unique.txt
Total number of words (train+test): 23404
Using features: ((ante)pen)ultimate, ((ante)pen)ultimate + que, (post)initial, adjacent coda type, adjacent syllable type, coda, coda type, consonantal 'i', diphthong, even/odd index, syllable type, vowel
Extracted 126 features for 1 syllables in vocabulary
Classifier type: DecisionTreeClassifier
Hyperparameters: min_samples_split=5, max_features=5,n_estimators=50
K-fold cross-validation with 5 folds, evaluate on 1 of them
Fold # 1
Training set performance:
              precision    recall  f1-score   support

       short       0.87      0.94      0.90     41786
        long       0.84      0.70      0.77     19907

    accuracy                           0.86     61693
   macro avg       0.85      0.82      0.83     61693
weighted avg       0.86      0.86      0.86     61693

Test set performance:
              precision    recall  f1-score   support

       short       0.86      0.92      0.89     10411
        long       0.81      0.68      0.74      5011

    accuracy                           0.84     15422
   macro avg       0.83      0.80      0.81     15422
weighted avg       0.84      0.84      0.84     15422

Feature importances for most recent train/test split
Feature ranking:
1. feature VOWEL=i (100.000)
2. feature CODA=s (86.603)
3. feature VOWEL=a (73.287)
4. feature ULT (63.649)
5. feature CODA_TYPE=C (56.211)
6. feature NO_CODA (47.296)
7. feature VOWEL=o (43.162)
8. feature TYPE=CVV (42.852)
9. feature NO_POST_CODA (36.974)
10. feature PRE_TYPE=CV (34.647)
11. feature VOWEL=e (34.271)
12. feature VOWEL=u (29.646)
13. feature POST_TYPE=CV (29.385)
14. feature TYPE=V (28.056)
15. feature POST_TYPE=V (23.296)
16. feature CODA=ns (22.096)
17. feature INIT (21.602)
18. feature POST_TYPE=CVC (20.809)
19. feature TYPE=CLV (20.327)
20. feature TYPE=CV (20.161)
21. feature PENULT (19.679)
22. feature CODA=t (19.441)
23. feature PRE_CODA_TYPE=C (18.699)
24. feature TYPE=CLVV (17.885)
25. feature ULT+QUE (17.705)
26. feature ANTEPENULT (14.925)
27. feature TYPE=CVC (13.550)
28. feature POSTINIT (12.530)
29. feature CODA=m (12.477)
30. feature POST_TYPE=VC (11.635)
31. feature CODA=n (11.121)
32. feature EVEN (10.695)
33. feature TYPE=VC (10.479)
34. feature ODD (10.316)
35. feature PRE_TYPE=V (8.082)
36. feature CODA=g (7.480)
37. feature CODA=r (7.135)
38. feature DIPHTHONG (6.773)
39. feature POST_TYPE=CLV (6.752)
40. feature POST_CODA_TYPE=C (6.586)
41. feature CODA_TYPE=C* (6.176)
42. feature NO_PRE_CODA (5.428)
43. feature POST_TYPE=CVV (5.357)
44. feature POST_CODA_TYPE=C* (4.517)
45. feature PRE_TYPE=CLV (4.407)
46. feature TYPE=CLVC (4.098)
47. feature PRE_TYPE=CVC (4.083)
48. feature POST_TYPE=CVC* (3.610)
49. feature PRE_TYPE=VC (3.549)
50. feature CODA=l (3.529)
51. feature CODA=nt (3.471)
52. feature CODA=c (3.203)
53. feature TYPE=C*V (3.064)
54. feature VOWEL=y (2.927)
55. feature TYPE=CVC* (2.815)
56. feature TYPE=VC* (2.731)
57. feature TYPE=CVVC (2.726)
58. feature PRE_TYPE=CVV (2.465)
59. feature POST_TYPE=CLVC (2.399)
60. feature PRE_TYPE=VV (2.064)
61. feature TYPE=VVC (2.008)
62. feature TYPE=CLVC* (1.917)
63. feature PRE_CODA_TYPE=C* (1.388)
64. feature PRE_TYPE=CLVC (1.375)
65. feature PRE_TYPE=CVC* (1.373)
66. feature TYPE=C*VC (1.334)
67. feature PRE_TYPE=C*V (1.260)
68. feature POST_TYPE=VC* (1.257)
69. feature CODA=p (1.242)
70. feature CODA=x (1.218)
71. feature CODA=b (1.083)
72. feature PRE_TYPE=VC* (1.042)
73. feature PRE_TYPE=CLVV (0.981)
74. feature CODA=nc (0.696)
75. feature PENULT+QUE (0.593)
