Using features: ['adjacent_coda_type', 'antepenultimate', 'coda', 'coda_type', 'diphthong', 'postinitial', 'que', 'rhyme', 'vowel']
Reading data from path: ./data/Latin_words_preprocessed.txt
Extracted 244 features for 1 syllables in vocabulary
Classifier type: RandomForestClassifier
Hyperparameters: min_samples_split=5, max_features=5, n_estimators=50
K-fold cross-validation with 5 folds, evaluate on 2 of them
              precision    recall  f1-score   support

       short       0.85      0.96      0.90     32498
        long       0.88      0.62      0.73     14563

    accuracy                           0.86     47061
   macro avg       0.86      0.79      0.81     47061
weighted avg       0.86      0.86      0.85     47061

              precision    recall  f1-score   support

       short       0.85      0.96      0.90     32340
        long       0.88      0.62      0.72     14721

    accuracy                           0.85     47061
   macro avg       0.86      0.79      0.81     47061
weighted avg       0.86      0.85      0.84     47061

Feature importances for most recent train/test split
Feature ranking:
1. feature ULT (100.000)
2. feature INIT (65.165)
3. feature PENULT (55.571)
4. feature POST_CODA_TYPE= (51.033)
5. feature CODA=s (46.236)
6. feature POST_CODA_TYPE=C (42.054)
7. feature RHYME=o (38.874)
8. feature PRE_CODA_TYPE= (37.139)
9. feature NO_CODA (35.100)
10. feature VOWEL=e (34.965)
11. feature DIPHTHONG (34.299)
12. feature CODA_TYPE= (31.567)
13. feature CODA=m (30.143)
14. feature VOWEL=ae (30.005)
15. feature VOWEL=o (29.750)
16. feature VOWEL=i (27.596)
17. feature VOWEL=u (26.877)
18. feature RHYME=ae (26.461)
19. feature ANTEPENULT (24.876)
20. feature POSTINIT (24.301)
21. feature RHYME=i (22.759)
22. feature CODA_TYPE=C (22.070)
23. feature VOWEL=a (20.298)
24. feature RHYME=a (18.932)
25. feature RHYME=e (18.584)
26. feature PRE_CODA_TYPE=C (18.301)
27. feature ULT+QUE (17.723)
28. feature CODA=t (17.396)
29. feature RHYME=as (14.147)
30. feature RHYME=es (13.842)
31. feature CODA=r (13.360)
32. feature RHYME=is (13.152)
33. feature CODA=ns (10.904)
34. feature VOWEL=au (10.148)
35. feature RHYME=os (10.032)
36. feature RHYME=us (9.847)
37. feature CODA=n (8.060)
38. feature RHYME=au (7.982)
39. feature RHYME=on (7.892)
40. feature POST_CODA_TYPE=C* (6.599)
41. feature RHYME=it (6.145)
42. feature RHYME=u (5.867)
43. feature RHYME=et (5.075)
44. feature CODA=d (4.684)
45. feature CODA=nt (4.567)
46. feature RHYME=am (4.161)
47. feature VOWEL=oe (4.124)
48. feature RHYME=at (3.995)
49. feature CODA_TYPE=C* (3.921)
50. feature RHYME=in (3.741)
51. feature RHYME=um (3.689)
52. feature RHYME=em (3.600)
53. feature CODA=l (3.566)
54. feature RHYME=ens (3.539)
55. feature RHYME=ug (3.117)
56. feature CODA=c (3.043)
57. feature RHYME=ons (2.949)
58. feature RHYME=er (2.817)
59. feature RHYME=ans (2.512)
60. feature CODA=g (2.429)
61. feature RHYME=eg (2.366)
62. feature RHYME=or (2.260)
63. feature RHYME=od (1.900)
64. feature RHYME=aut (1.826)
65. feature RHYME=ent (1.718)
66. feature RHYME=ur (1.694)
67. feature RHYME=oe (1.683)
68. feature RHYME=an (1.668)
69. feature CODA=b (1.601)
70. feature PRE_CODA_TYPE=C* (1.535)
71. feature RHYME=ic (1.487)
72. feature RHYME=ant (1.357)
73. feature RHYME=ad (1.217)
74. feature CODA=x (1.212)
75. feature RHYME=unt (1.176)
