Reading data from path: ./data/Latin_words_preprocessed_unique.txt
Total number of words (train+test): 23404
Using features: ((ante)pen)ultimate, ((ante)pen)ultimate + que, (post)initial, VCC, adjacent coda, adjacent coda type, adjacent diphthong, adjacent rhyme, adjacent syllable type, adjacent vowel, coda, coda type, diphthong, even/odd index, rhyme, syllable type, vowel, whole syllable (vocab)
Full vocabulary size: 1362
Extracted 1976 features for 1362 syllables in vocabulary
Classifier type: RandomForestClassifier
Hyperparameters: min_samples_leaf=5, n_estimators=75
K-fold cross-validation with 5 folds, evaluate on 3 of them
Fold # 1
Training set performance:
              precision    recall  f1-score   support

       short       0.95      0.97      0.96     41776
        long       0.94      0.89      0.92     19915

    accuracy                           0.95     61691
   macro avg       0.94      0.93      0.94     61691
weighted avg       0.95      0.95      0.95     61691

Test set performance:
              precision    recall  f1-score   support

       short       0.91      0.94      0.92     10421
        long       0.86      0.80      0.83      5003

    accuracy                           0.89     15424
   macro avg       0.88      0.87      0.88     15424
weighted avg       0.89      0.89      0.89     15424

Fold # 2
Training set performance:
              precision    recall  f1-score   support

       short       0.95      0.97      0.96     41705
        long       0.94      0.90      0.92     19987

    accuracy                           0.95     61692
   macro avg       0.94      0.93      0.94     61692
weighted avg       0.95      0.95      0.95     61692

Test set performance:
              precision    recall  f1-score   support

       short       0.90      0.94      0.92     10492
        long       0.86      0.78      0.82      4931

    accuracy                           0.89     15423
   macro avg       0.88      0.86      0.87     15423
weighted avg       0.89      0.89      0.89     15423

Fold # 3
Training set performance:
              precision    recall  f1-score   support

       short       0.95      0.97      0.96     41718
        long       0.94      0.89      0.92     19973

    accuracy                           0.95     61691
   macro avg       0.94      0.93      0.94     61691
weighted avg       0.95      0.95      0.95     61691

Test set performance:
              precision    recall  f1-score   support

       short       0.91      0.94      0.92     10479
        long       0.86      0.81      0.83      4945

    accuracy                           0.90     15424
   macro avg       0.89      0.87      0.88     15424
weighted avg       0.90      0.90      0.90     15424

Feature importances for most recent train/test split
Feature ranking:
1. feature ULT (100.000)
2. feature PENULT (97.856)
3. feature DIPHTHONG (96.528)
4. feature CODA_TYPE=C (83.315)
5. feature ANTEPENULT (78.201)
6. feature VOWEL=e (74.583)
7. feature RHYME=a (69.489)
8. feature NO_CODA (69.056)
9. feature VOWEL=i (68.451)
10. feature VCC (66.130)
11. feature POST_TYPE=CV (61.866)
12. feature INIT (61.311)
13. feature RHYME=ae (59.651)
14. feature CODA=s (59.540)
15. feature CODA=m (56.889)
16. feature NO_POST_CODA (54.937)
17. feature POST_TYPE=V (53.434)
18. feature VOWEL=o (52.805)
19. feature RHYME=o (52.394)
20. feature de (49.838)
21. feature POSTINIT (49.450)
22. feature TYPE=CV (49.253)
23. feature VOWEL=a (48.803)
24. feature PRE_TYPE=CV (46.914)
25. feature RHYME=i (44.591)
26. feature POST_TYPE=CVC (42.470)
27. feature NO_PRE_CODA (41.947)
28. feature VOWEL=u (40.145)
29. feature POST_TYPE=VC (39.591)
30. feature POST_VOWEL=e (38.149)
31. feature POST_VOWEL=u (37.751)
32. feature POST_CODA_TYPE=C (37.550)
33. feature POST_VOWEL=i (37.497)
34. feature CODA=ns (36.046)
35. feature RHYME=as (34.994)
36. feature CODA=t (34.612)
37. feature POST_VOWEL=a (34.142)
38. feature ODD (33.123)
39. feature RHYME=e (32.803)
40. feature EVEN (32.790)
41. feature TYPE=CVC (31.789)
42. feature RHYME=es (31.557)
43. feature RHYME=os (31.149)
44. feature TYPE=CVV (30.372)
45. feature TYPE=V (30.124)
46. feature CODA=r (29.618)
47. feature PRE_VOWEL=i (29.148)
48. feature que (28.510)
49. feature TYPE=CLV (27.605)
50. feature PRE_VOWEL=e (26.857)
51. feature PRE_RHYME=i (26.581)
52. feature POST_RHYME=i (26.473)
53. feature re (25.173)
54. feature POST_RHYME=a (24.871)
55. feature POST_RHYME=e (24.512)
56. feature POST_TYPE=CLV (23.239)
57. feature RHYME=us (22.181)
58. feature PRE_CODA_TYPE=C (21.798)
59. feature PRE_VOWEL=a (21.432)
60. feature ULT+QUE (20.269)
61. feature PRE_TYPE=CVC (19.990)
62. feature POST_CODA=s (19.752)
63. feature PRE_RHYME=e (19.740)
64. feature PRE_VOWEL=o (19.373)
65. feature RHYME=is (19.189)
66. feature PRE_VOWEL=u (19.172)
67. feature PRE_TYPE=V (18.982)
68. feature POST_VOWEL=o (18.548)
69. feature TYPE=VC (17.502)
70. feature o (17.400)
71. feature pe (16.803)
72. feature ta (16.563)
73. feature POST_RHYME=o (15.775)
74. feature TYPE=VV (15.400)
75. feature PRE_RHYME=a (14.849)
