Using features: ['adjacent_coda_type', 'adjacent_syllable_type', 'antepenultimate', 'coda', 'coda_type', 'diphthong', 'postinitial', 'que', 'rhyme', 'syllable_type', 'vocab', 'vowel']
Vocabulary size: 1362
Extracted 1661 features for 1362 syllables in vocabulary
Classifier type: RandomForestClassifier
Hyperparameters: min_samples_split=5, max_features=5, n_estimators=50
K-fold cross-validation with 5 folds, evaluate on 2 of them
              precision    recall  f1-score   support

       short       0.93      0.96      0.94     32173
        long       0.90      0.85      0.88     14888

    accuracy                           0.92     47061
   macro avg       0.92      0.90      0.91     47061
weighted avg       0.92      0.92      0.92     47061

              precision    recall  f1-score   support

       short       0.93      0.96      0.95     32378
        long       0.90      0.85      0.87     14683

    accuracy                           0.92     47061
   macro avg       0.92      0.90      0.91     47061
weighted avg       0.92      0.92      0.92     47061

Feature importances for most recent train/test split
Feature ranking:
1. feature ULT (100.000)
2. feature PENULT (99.742)
3. feature INIT (61.877)
4. feature POSTINIT (57.638)
5. feature POST_TYPE=CV (54.957)
6. feature POST_CODA_TYPE= (54.403)
7. feature ANTEPENULT (54.119)
8. feature PRE_CODA_TYPE= (47.358)
9. feature RHYME=o (46.308)
10. feature DIPHTHONG (44.614)
11. feature CODA=s (43.524)
12. feature PRE_TYPE=CV (42.501)
13. feature POST_TYPE=V (41.564)
14. feature POST_TYPE=CVC (38.897)
15. feature POST_CODA_TYPE=C (37.631)
16. feature CODA_TYPE= (37.189)
17. feature NO_CODA (36.138)
18. feature CODA_TYPE=C (33.250)
19. feature VOWEL=i (31.449)
20. feature POST_TYPE=VC (30.749)
21. feature VOWEL=o (30.100)
22. feature VOWEL=e (29.609)
23. feature RHYME=i (26.695)
24. feature RHYME=e (25.894)
25. feature VOWEL=a (24.790)
26. feature TYPE=CV (24.704)
27. feature RHYME=ae (22.650)
28. feature PRE_CODA_TYPE=C (22.466)
29. feature TYPE=V (22.429)
30. feature RHYME=es (22.183)
31. feature TYPE=CVC (21.277)
32. feature RHYME=a (21.085)
33. feature CODA=m (20.910)
34. feature de (19.881)
35. feature RHYME=os (19.824)
36. feature re (19.704)
37. feature VOWEL=u (18.883)
38. feature VOWEL=ae (18.330)
39. feature RHYME=as (17.395)
40. feature RHYME=is (17.210)
41. feature TYPE=VC (17.055)
42. feature PRE_TYPE=V (17.000)
43. feature CODA=t (16.780)
44. feature PRE_TYPE=CVC (16.614)
45. feature CODA=r (16.412)
46. feature TYPE=CLV (16.025)
47. feature RHYME=us (13.860)
48. feature TYPE=CVV (13.172)
49. feature POST_TYPE=CLV (13.048)
50. feature o (12.962)
51. feature PRE_TYPE=VC (12.404)
52. feature na (12.295)
53. feature CODA=ns (11.970)
54. feature que (11.778)
55. feature non (11.063)
56. feature ULT+QUE (10.361)
57. feature RHYME=um (10.357)
58. feature pe (10.021)
59. feature PRE_TYPE=CLV (9.543)
60. feature CODA=n (9.472)
61. feature TYPE=VV (9.151)
62. feature VOWEL=au (9.094)
63. feature se (9.030)
64. feature TYPE=CLVV (8.987)
65. feature RHYME=on (8.864)
66. feature ta (8.761)
67. feature ro (8.714)
68. feature to (8.403)
69. feature tu (8.054)
70. feature CODA=nt (7.977)
71. feature RHYME=am (7.971)
72. feature RHYME=u (7.867)
73. feature no (7.557)
74. feature te (7.538)
75. feature ti (7.103)
